<?xml version="1.0" encoding="UTF-8"?>
<!-- Generated by org.testng.reporters.JUnitReportReporter -->
<testsuite skipped="0" hostname="DESKTOP-EOC70JG" name="testcase.TestCase" tests="2" failures="0" timestamp="29 Mar 2018 07:31:03 GMT" time="23.182" errors="0">
  <testcase name="logOut" time="3.456" classname="testcase.TestCase"/>
  <testcase name="login" time="19.726" classname="testcase.TestCase"/>
</testsuite> <!-- testcase.TestCase -->
